<?xml version="1.0" encoding="UTF-8"?>
<!-- Generated by org.testng.reporters.JUnitXMLReporter -->
<testsuite ignored="0" hostname="DESKTOP-R7DPGRF" failures="0" tests="4" name="Test Cases" time="0.361" errors="0" timestamp="2021-05-30T14:59:24 IST">
  <testcase classname="testNG.sampletestcase" name="fourthtestcase" time="0.023"/>
  <testcase classname="testNG.sampletestcase" name="firsttestcase" time="0.019"/>
  <testcase classname="testNG.sampletestcase" name="secondtestcase" time="0.003"/>
  <testcase classname="testNG.sampletestcase" name="thirdtestcase" time="0.009"/>
</testsuite> <!-- Test Cases -->
